<?xml version="1.0" encoding="UTF-8"?>
<testsuite xmlns:xsi="http://www.w3.org/2001/XMLSchema-instance" xsi:noNamespaceSchemaLocation="https://maven.apache.org/surefire/maven-surefire-plugin/xsd/surefire-test-report.xsd" name="com.User.CrudApiApplicationTests" time="2.91" tests="2" errors="1" skipped="0" failures="0">
  <properties>
[...]
</properties>
  <testcase name="mainTest" classname="com.User.CrudApiApplicationTests" time="2.9">
    <error message="Failed to start bean &apos;webServerStartStop&apos;; nested exception is org.springframework.boot.web.server.PortInUseException: Port 9090 is already in use" type="org.springframework.context.ApplicationContextException">org.springframework.context.ApplicationContextException: Failed to start bean 'webServerStartStop'; nested exception is org.springframework.boot.web.server.PortInUseException: Port 9090 is already in use
	at com.User.CrudApiApplicationTests.mainTest(CrudApiApplicationTests.java:43)
Caused by: org.springframework.boot.web.server.PortInUseException: Port 9090 is already in use
	at com.User.CrudApiApplicationTests.mainTest(CrudApiApplicationTests.java:43)
Caused by: java.lang.IllegalArgumentException: standardService.connector.startFailed
	at com.User.CrudApiApplicationTests.mainTest(CrudApiApplicationTests.java:43)
Caused by: org.apache.catalina.LifecycleException: Protocol handler start failed
	at com.User.CrudApiApplicationTests.mainTest(CrudApiApplicationTests.java:43)
Caused by: java.net.BindException: Address already in use: bind
	at com.User.CrudApiApplicationTests.mainTest(CrudApiApplicationTests.java:43)
</error>
    <system-out><![CDATA[2022-08-05 09:47:38.376  INFO 15812 --- [           main] .b.t.c.SpringBootTestContextBootstrapper : Neither @ContextConfiguration nor @ContextHierarchy found for test class [com.User.CrudApiApplicationTests], using SpringBootContextLoader
2022-08-05 09:47:38.380  INFO 15812 --- [           main] o.s.t.c.support.AbstractContextLoader    : Could not detect default resource locations for test class [com.User.CrudApiApplicationTests]: no resource found for suffixes {-context.xml, Context.groovy}.
2022-08-05 09:47:38.381  INFO 15812 --- [           main] t.c.s.AnnotationConfigContextLoaderUtils : Could not detect default configuration classes for test class [com.User.CrudApiApplicationTests]: CrudApiApplicationTests does not declare any static, non-private, non-final, nested classes annotated with @Configuration.
2022-08-05 09:47:38.409  INFO 15812 --- [           main] .b.t.c.SpringBootTestContextBootstrapper : Found @SpringBootConfiguration com.User.CrudApiApplication for test class com.User.CrudApiApplicationTests
2022-08-05 09:47:38.418  INFO 15812 --- [           main] .b.t.c.SpringBootTestContextBootstrapper : Loaded default TestExecutionListener class names from location [META-INF/spring.factories]: [org.springframework.boot.test.mock.mockito.MockitoTestExecutionListener, org.springframework.boot.test.mock.mockito.ResetMocksTestExecutionListener, org.springframework.boot.test.autoconfigure.restdocs.RestDocsTestExecutionListener, org.springframework.boot.test.autoconfigure.web.client.MockRestServiceServerResetTestExecutionListener, org.springframework.boot.test.autoconfigure.web.servlet.MockMvcPrintOnlyOnFailureTestExecutionListener, org.springframework.boot.test.autoconfigure.web.servlet.WebDriverTestExecutionListener, org.springframework.boot.test.autoconfigure.webservices.client.MockWebServiceServerTestExecutionListener, org.springframework.test.context.web.ServletTestExecutionListener, org.springframework.test.context.support.DirtiesContextBeforeModesTestExecutionListener, org.springframework.test.context.event.ApplicationEventsTestExecutionListener, org.springframework.test.context.support.DependencyInjectionTestExecutionListener, org.springframework.test.context.support.DirtiesContextTestExecutionListener, org.springframework.test.context.transaction.TransactionalTestExecutionListener, org.springframework.test.context.jdbc.SqlScriptsTestExecutionListener, org.springframework.test.context.event.EventPublishingTestExecutionListener]
2022-08-05 09:47:38.421  INFO 15812 --- [           main] .b.t.c.SpringBootTestContextBootstrapper : Using TestExecutionListeners: [org.springframework.test.context.web.ServletTestExecutionListener@288b8663, org.springframework.test.context.support.DirtiesContextBeforeModesTestExecutionListener@4cd6f08b, org.springframework.test.context.event.ApplicationEventsTestExecutionListener@78b2d29e, org.springframework.boot.test.mock.mockito.MockitoTestExecutionListener@4419cd6e, org.springframework.boot.test.autoconfigure.SpringBootDependencyInjectionTestExecutionListener@3055f310, org.springframework.test.context.support.DirtiesContextTestExecutionListener@4b7c0f39, org.springframework.test.context.transaction.TransactionalTestExecutionListener@25b402ea, org.springframework.test.context.jdbc.SqlScriptsTestExecutionListener@2fccd98f, org.springframework.test.context.event.EventPublishingTestExecutionListener@309e7215, org.springframework.boot.test.mock.mockito.ResetMocksTestExecutionListener@1b30b6f8, org.springframework.boot.test.autoconfigure.restdocs.RestDocsTestExecutionListener@1e965426, org.springframework.boot.test.autoconfigure.web.client.MockRestServiceServerResetTestExecutionListener@575fe6da, org.springframework.boot.test.autoconfigure.web.servlet.MockMvcPrintOnlyOnFailureTestExecutionListener@149238fe, org.springframework.boot.test.autoconfigure.web.servlet.WebDriverTestExecutionListener@a0bdbe2, org.springframework.boot.test.autoconfigure.webservices.client.MockWebServiceServerTestExecutionListener@261099e1]

  .   ____          _            __ _ _
 /\\ / ___'_ __ _ _(_)_ __  __ _ \ \ \ \
( ( )\___ | '_ | '_| | '_ \/ _` | \ \ \ \
 \\/  ___)| |_)| | | | | || (_| |  ) ) ) )
  '  |____| .__|_| |_|_| |_\__, | / / / /
 =========|_|==============|___/=/_/_/_/
 :: Spring Boot ::                (v2.7.2)

2022-08-05 09:47:38.549  INFO 15812 --- [           main] com.User.CrudApiApplication              : Starting CrudApiApplication using Java 1.8.0_77 on KAPR-HYD-00 with PID 15812 (started by kamal.prasad in C:\Users\kamal.prasad\Documents\CrudApi)
2022-08-05 09:47:38.550  INFO 15812 --- [           main] com.User.CrudApiApplication              : No active profile set, falling back to 1 default profile: "default"
2022-08-05 09:47:39.113  INFO 15812 --- [           main] .s.d.r.c.RepositoryConfigurationDelegate : Bootstrapping Spring Data JPA repositories in DEFAULT mode.
2022-08-05 09:47:39.131  INFO 15812 --- [           main] .s.d.r.c.RepositoryConfigurationDelegate : Finished Spring Data repository scanning in 16 ms. Found 1 JPA repository interfaces.
2022-08-05 09:47:39.487  INFO 15812 --- [           main] o.s.b.w.embedded.tomcat.TomcatWebServer  : Tomcat initialized with port(s): 9090 (http)
2022-08-05 09:47:39.505  INFO 15812 --- [           main] o.apache.catalina.core.StandardService   : Starting service [Tomcat]
2022-08-05 09:47:39.506  INFO 15812 --- [           main] org.apache.catalina.core.StandardEngine  : Starting Servlet engine: [Apache Tomcat/9.0.65]
2022-08-05 09:47:39.879  INFO 15812 --- [           main] o.a.c.c.C.[Tomcat].[localhost].[/]       : Initializing Spring embedded WebApplicationContext
2022-08-05 09:47:39.879  INFO 15812 --- [           main] w.s.c.ServletWebServerApplicationContext : Root WebApplicationContext: initialization completed in 1324 ms
2022-08-05 09:47:40.005  INFO 15812 --- [           main] o.hibernate.jpa.internal.util.LogHelper  : HHH000204: Processing PersistenceUnitInfo [name: default]
2022-08-05 09:47:40.013  INFO 15812 --- [           main] com.zaxxer.hikari.HikariDataSource       : HikariPool-2 - Starting...
2022-08-05 09:47:40.035  INFO 15812 --- [           main] com.zaxxer.hikari.HikariDataSource       : HikariPool-2 - Start completed.
2022-08-05 09:47:40.066  INFO 15812 --- [           main] org.hibernate.dialect.Dialect            : HHH000400: Using dialect: org.hibernate.dialect.MySQL8Dialect
2022-08-05 09:47:40.132  INFO 15812 --- [           main] o.h.e.t.j.p.i.JtaPlatformInitiator       : HHH000490: Using JtaPlatform implementation: [org.hibernate.engine.transaction.jta.platform.internal.NoJtaPlatform]
2022-08-05 09:47:40.133  INFO 15812 --- [           main] j.LocalContainerEntityManagerFactoryBean : Initialized JPA EntityManagerFactory for persistence unit 'default'
2022-08-05 09:47:40.434  WARN 15812 --- [           main] JpaBaseConfiguration$JpaWebConfiguration : spring.jpa.open-in-view is enabled by default. Therefore, database queries may be performed during view rendering. Explicitly configure spring.jpa.open-in-view to disable this warning
2022-08-05 09:47:40.512  INFO 15812 --- [           main] pertySourcedRequestMappingHandlerMapping : Mapped URL path [/v2/api-docs] onto method [springfox.documentation.swagger2.web.Swagger2Controller#getDocumentation(String, HttpServletRequest)]
2022-08-05 09:47:41.307  WARN 15812 --- [           main] ConfigServletWebServerApplicationContext : Exception encountered during context initialization - cancelling refresh attempt: org.springframework.context.ApplicationContextException: Failed to start bean 'webServerStartStop'; nested exception is org.springframework.boot.web.server.PortInUseException: Port 9090 is already in use
2022-08-05 09:47:41.311  INFO 15812 --- [           main] j.LocalContainerEntityManagerFactoryBean : Closing JPA EntityManagerFactory for persistence unit 'default'
2022-08-05 09:47:41.313  INFO 15812 --- [           main] com.zaxxer.hikari.HikariDataSource       : HikariPool-2 - Shutdown initiated...
2022-08-05 09:47:41.337  INFO 15812 --- [           main] com.zaxxer.hikari.HikariDataSource       : HikariPool-2 - Shutdown completed.
2022-08-05 09:47:41.339  INFO 15812 --- [           main] o.apache.catalina.core.StandardService   : Stopping service [Tomcat]
2022-08-05 09:47:41.356  INFO 15812 --- [           main] ConditionEvaluationReportLoggingListener : 

Error starting ApplicationContext. To display the conditions report re-run your application with 'debug' enabled.
2022-08-05 09:47:41.402 ERROR 15812 --- [           main] o.s.b.d.LoggingFailureAnalysisReporter   : 

***************************
APPLICATION FAILED TO START
***************************

Description:

Web server failed to start. Port 9090 was already in use.

Action:

Identify and stop the process that's listening on port 9090 or configure this application to listen on another port.

]]></system-out>
  </testcase>
  <testcase name="contextLoads" classname="com.User.CrudApiApplicationTests" time="0.005"/>
</testsuite>